  GameBanMayBay.cpp
<<<<<<< Updated upstream
E:\Hoc Dai Hoc\Do Hoa May Tinh\DoAnGame\GameBanMayBay\GameBanMayBay\GameBanMayBay.cpp(50,23): warning C4244: 'argument': conversion from 'int' to 'GLfloat', possible loss of data
E:\Hoc Dai Hoc\Do Hoa May Tinh\DoAnGame\GameBanMayBay\GameBanMayBay\GameBanMayBay.cpp(50,20): warning C4244: 'argument': conversion from 'int' to 'GLfloat', possible loss of data
E:\Hoc Dai Hoc\Do Hoa May Tinh\DoAnGame\GameBanMayBay\GameBanMayBay\GameBanMayBay.cpp(93,41): warning C4305: 'initializing': truncation from 'double' to 'GLfloat'
E:\Hoc Dai Hoc\Do Hoa May Tinh\DoAnGame\GameBanMayBay\GameBanMayBay\GameBanMayBay.cpp(166,46): warning C4244: 'argument': conversion from 'int' to 'GLfloat', possible loss of data
E:\Hoc Dai Hoc\Do Hoa May Tinh\DoAnGame\GameBanMayBay\GameBanMayBay\GameBanMayBay.cpp(166,28): warning C4244: 'argument': conversion from 'int' to 'GLfloat', possible loss of data
E:\Hoc Dai Hoc\Do Hoa May Tinh\DoAnGame\GameBanMayBay\GameBanMayBay\GameBanMayBay.cpp(167,46): warning C4244: 'argument': conversion from 'int' to 'GLfloat', possible loss of data
E:\Hoc Dai Hoc\Do Hoa May Tinh\DoAnGame\GameBanMayBay\GameBanMayBay\GameBanMayBay.cpp(167,28): warning C4244: 'argument': conversion from 'int' to 'GLfloat', possible loss of data
E:\Hoc Dai Hoc\Do Hoa May Tinh\DoAnGame\GameBanMayBay\GameBanMayBay\GameBanMayBay.cpp(170,46): warning C4244: 'argument': conversion from 'int' to 'GLfloat', possible loss of data
E:\Hoc Dai Hoc\Do Hoa May Tinh\DoAnGame\GameBanMayBay\GameBanMayBay\GameBanMayBay.cpp(170,28): warning C4244: 'argument': conversion from 'int' to 'GLfloat', possible loss of data
E:\Hoc Dai Hoc\Do Hoa May Tinh\DoAnGame\GameBanMayBay\GameBanMayBay\GameBanMayBay.cpp(171,46): warning C4244: 'argument': conversion from 'int' to 'GLfloat', possible loss of data
E:\Hoc Dai Hoc\Do Hoa May Tinh\DoAnGame\GameBanMayBay\GameBanMayBay\GameBanMayBay.cpp(171,28): warning C4244: 'argument': conversion from 'int' to 'GLfloat', possible loss of data
E:\Hoc Dai Hoc\Do Hoa May Tinh\DoAnGame\GameBanMayBay\GameBanMayBay\GameBanMayBay.cpp(172,46): warning C4244: 'argument': conversion from 'int' to 'GLfloat', possible loss of data
E:\Hoc Dai Hoc\Do Hoa May Tinh\DoAnGame\GameBanMayBay\GameBanMayBay\GameBanMayBay.cpp(172,28): warning C4244: 'argument': conversion from 'int' to 'GLfloat', possible loss of data
E:\Hoc Dai Hoc\Do Hoa May Tinh\DoAnGame\GameBanMayBay\GameBanMayBay\GameBanMayBay.cpp(178,46): warning C4244: 'argument': conversion from 'int' to 'GLfloat', possible loss of data
E:\Hoc Dai Hoc\Do Hoa May Tinh\DoAnGame\GameBanMayBay\GameBanMayBay\GameBanMayBay.cpp(178,28): warning C4244: 'argument': conversion from 'int' to 'GLfloat', possible loss of data
E:\Hoc Dai Hoc\Do Hoa May Tinh\DoAnGame\GameBanMayBay\GameBanMayBay\GameBanMayBay.cpp(179,46): warning C4244: 'argument': conversion from 'int' to 'GLfloat', possible loss of data
E:\Hoc Dai Hoc\Do Hoa May Tinh\DoAnGame\GameBanMayBay\GameBanMayBay\GameBanMayBay.cpp(179,28): warning C4244: 'argument': conversion from 'int' to 'GLfloat', possible loss of data
E:\Hoc Dai Hoc\Do Hoa May Tinh\DoAnGame\GameBanMayBay\GameBanMayBay\GameBanMayBay.cpp(180,46): warning C4244: 'argument': conversion from 'int' to 'GLfloat', possible loss of data
E:\Hoc Dai Hoc\Do Hoa May Tinh\DoAnGame\GameBanMayBay\GameBanMayBay\GameBanMayBay.cpp(180,28): warning C4244: 'argument': conversion from 'int' to 'GLfloat', possible loss of data
E:\Hoc Dai Hoc\Do Hoa May Tinh\DoAnGame\GameBanMayBay\GameBanMayBay\GameBanMayBay.cpp(185,46): warning C4244: 'argument': conversion from 'int' to 'GLfloat', possible loss of data
E:\Hoc Dai Hoc\Do Hoa May Tinh\DoAnGame\GameBanMayBay\GameBanMayBay\GameBanMayBay.cpp(185,28): warning C4244: 'argument': conversion from 'int' to 'GLfloat', possible loss of data
E:\Hoc Dai Hoc\Do Hoa May Tinh\DoAnGame\GameBanMayBay\GameBanMayBay\GameBanMayBay.cpp(186,46): warning C4244: 'argument': conversion from 'int' to 'GLfloat', possible loss of data
E:\Hoc Dai Hoc\Do Hoa May Tinh\DoAnGame\GameBanMayBay\GameBanMayBay\GameBanMayBay.cpp(186,28): warning C4244: 'argument': conversion from 'int' to 'GLfloat', possible loss of data
E:\Hoc Dai Hoc\Do Hoa May Tinh\DoAnGame\GameBanMayBay\GameBanMayBay\GameBanMayBay.cpp(187,41): warning C4244: 'argument': conversion from 'int' to 'GLfloat', possible loss of data
E:\Hoc Dai Hoc\Do Hoa May Tinh\DoAnGame\GameBanMayBay\GameBanMayBay\GameBanMayBay.cpp(187,16): warning C4244: 'argument': conversion from 'int' to 'GLfloat', possible loss of data
E:\Hoc Dai Hoc\Do Hoa May Tinh\DoAnGame\GameBanMayBay\GameBanMayBay\GameBanMayBay.cpp(194,46): warning C4244: 'argument': conversion from 'int' to 'GLfloat', possible loss of data
E:\Hoc Dai Hoc\Do Hoa May Tinh\DoAnGame\GameBanMayBay\GameBanMayBay\GameBanMayBay.cpp(194,28): warning C4244: 'argument': conversion from 'int' to 'GLfloat', possible loss of data
E:\Hoc Dai Hoc\Do Hoa May Tinh\DoAnGame\GameBanMayBay\GameBanMayBay\GameBanMayBay.cpp(195,46): warning C4244: 'argument': conversion from 'int' to 'GLfloat', possible loss of data
E:\Hoc Dai Hoc\Do Hoa May Tinh\DoAnGame\GameBanMayBay\GameBanMayBay\GameBanMayBay.cpp(195,28): warning C4244: 'argument': conversion from 'int' to 'GLfloat', possible loss of data
E:\Hoc Dai Hoc\Do Hoa May Tinh\DoAnGame\GameBanMayBay\GameBanMayBay\GameBanMayBay.cpp(203,52): warning C4244: 'argument': conversion from 'int' to 'GLfloat', possible loss of data
E:\Hoc Dai Hoc\Do Hoa May Tinh\DoAnGame\GameBanMayBay\GameBanMayBay\GameBanMayBay.cpp(203,31): warning C4244: 'argument': conversion from 'int' to 'GLfloat', possible loss of data
E:\Hoc Dai Hoc\Do Hoa May Tinh\DoAnGame\GameBanMayBay\GameBanMayBay\GameBanMayBay.cpp(204,52): warning C4244: 'argument': conversion from 'int' to 'GLfloat', possible loss of data
E:\Hoc Dai Hoc\Do Hoa May Tinh\DoAnGame\GameBanMayBay\GameBanMayBay\GameBanMayBay.cpp(204,31): warning C4244: 'argument': conversion from 'int' to 'GLfloat', possible loss of data
E:\Hoc Dai Hoc\Do Hoa May Tinh\DoAnGame\GameBanMayBay\GameBanMayBay\GameBanMayBay.cpp(205,32): warning C4244: 'argument': conversion from 'int' to 'GLfloat', possible loss of data
E:\Hoc Dai Hoc\Do Hoa May Tinh\DoAnGame\GameBanMayBay\GameBanMayBay\GameBanMayBay.cpp(205,16): warning C4244: 'argument': conversion from 'int' to 'GLfloat', possible loss of data
E:\Hoc Dai Hoc\Do Hoa May Tinh\DoAnGame\GameBanMayBay\GameBanMayBay\GameBanMayBay.cpp(210,52): warning C4244: 'argument': conversion from 'int' to 'GLfloat', possible loss of data
E:\Hoc Dai Hoc\Do Hoa May Tinh\DoAnGame\GameBanMayBay\GameBanMayBay\GameBanMayBay.cpp(210,31): warning C4244: 'argument': conversion from 'int' to 'GLfloat', possible loss of data
E:\Hoc Dai Hoc\Do Hoa May Tinh\DoAnGame\GameBanMayBay\GameBanMayBay\GameBanMayBay.cpp(211,52): warning C4244: 'argument': conversion from 'int' to 'GLfloat', possible loss of data
E:\Hoc Dai Hoc\Do Hoa May Tinh\DoAnGame\GameBanMayBay\GameBanMayBay\GameBanMayBay.cpp(211,31): warning C4244: 'argument': conversion from 'int' to 'GLfloat', possible loss of data
E:\Hoc Dai Hoc\Do Hoa May Tinh\DoAnGame\GameBanMayBay\GameBanMayBay\GameBanMayBay.cpp(212,37): warning C4244: 'argument': conversion from 'int' to 'GLfloat', possible loss of data
E:\Hoc Dai Hoc\Do Hoa May Tinh\DoAnGame\GameBanMayBay\GameBanMayBay\GameBanMayBay.cpp(212,31): warning C4244: 'argument': conversion from 'int' to 'GLfloat', possible loss of data
E:\Hoc Dai Hoc\Do Hoa May Tinh\DoAnGame\GameBanMayBay\GameBanMayBay\GameBanMayBay.cpp(217,52): warning C4244: 'argument': conversion from 'int' to 'GLfloat', possible loss of data
E:\Hoc Dai Hoc\Do Hoa May Tinh\DoAnGame\GameBanMayBay\GameBanMayBay\GameBanMayBay.cpp(217,31): warning C4244: 'argument': conversion from 'int' to 'GLfloat', possible loss of data
E:\Hoc Dai Hoc\Do Hoa May Tinh\DoAnGame\GameBanMayBay\GameBanMayBay\GameBanMayBay.cpp(218,37): warning C4244: 'argument': conversion from 'int' to 'GLfloat', possible loss of data
E:\Hoc Dai Hoc\Do Hoa May Tinh\DoAnGame\GameBanMayBay\GameBanMayBay\GameBanMayBay.cpp(218,31): warning C4244: 'argument': conversion from 'int' to 'GLfloat', possible loss of data
E:\Hoc Dai Hoc\Do Hoa May Tinh\DoAnGame\GameBanMayBay\GameBanMayBay\GameBanMayBay.cpp(219,47): warning C4244: 'argument': conversion from 'int' to 'GLfloat', possible loss of data
E:\Hoc Dai Hoc\Do Hoa May Tinh\DoAnGame\GameBanMayBay\GameBanMayBay\GameBanMayBay.cpp(219,16): warning C4244: 'argument': conversion from 'int' to 'GLfloat', possible loss of data
E:\Hoc Dai Hoc\Do Hoa May Tinh\DoAnGame\GameBanMayBay\GameBanMayBay\GameBanMayBay.cpp(224,52): warning C4244: 'argument': conversion from 'int' to 'GLfloat', possible loss of data
E:\Hoc Dai Hoc\Do Hoa May Tinh\DoAnGame\GameBanMayBay\GameBanMayBay\GameBanMayBay.cpp(224,31): warning C4244: 'argument': conversion from 'int' to 'GLfloat', possible loss of data
E:\Hoc Dai Hoc\Do Hoa May Tinh\DoAnGame\GameBanMayBay\GameBanMayBay\GameBanMayBay.cpp(225,37): warning C4244: 'argument': conversion from 'int' to 'GLfloat', possible loss of data
E:\Hoc Dai Hoc\Do Hoa May Tinh\DoAnGame\GameBanMayBay\GameBanMayBay\GameBanMayBay.cpp(225,31): warning C4244: 'argument': conversion from 'int' to 'GLfloat', possible loss of data
E:\Hoc Dai Hoc\Do Hoa May Tinh\DoAnGame\GameBanMayBay\GameBanMayBay\GameBanMayBay.cpp(226,52): warning C4244: 'argument': conversion from 'int' to 'GLfloat', possible loss of data
E:\Hoc Dai Hoc\Do Hoa May Tinh\DoAnGame\GameBanMayBay\GameBanMayBay\GameBanMayBay.cpp(226,31): warning C4244: 'argument': conversion from 'int' to 'GLfloat', possible loss of data
E:\Hoc Dai Hoc\Do Hoa May Tinh\DoAnGame\GameBanMayBay\GameBanMayBay\GameBanMayBay.cpp(256,52): warning C4244: 'argument': conversion from 'int' to 'GLfloat', possible loss of data
E:\Hoc Dai Hoc\Do Hoa May Tinh\DoAnGame\GameBanMayBay\GameBanMayBay\GameBanMayBay.cpp(256,31): warning C4244: 'argument': conversion from 'int' to 'GLfloat', possible loss of data
E:\Hoc Dai Hoc\Do Hoa May Tinh\DoAnGame\GameBanMayBay\GameBanMayBay\GameBanMayBay.cpp(257,52): warning C4244: 'argument': conversion from 'int' to 'GLfloat', possible loss of data
E:\Hoc Dai Hoc\Do Hoa May Tinh\DoAnGame\GameBanMayBay\GameBanMayBay\GameBanMayBay.cpp(257,31): warning C4244: 'argument': conversion from 'int' to 'GLfloat', possible loss of data
E:\Hoc Dai Hoc\Do Hoa May Tinh\DoAnGame\GameBanMayBay\GameBanMayBay\GameBanMayBay.cpp(258,32): warning C4244: 'argument': conversion from 'int' to 'GLfloat', possible loss of data
E:\Hoc Dai Hoc\Do Hoa May Tinh\DoAnGame\GameBanMayBay\GameBanMayBay\GameBanMayBay.cpp(258,16): warning C4244: 'argument': conversion from 'int' to 'GLfloat', possible loss of data
E:\Hoc Dai Hoc\Do Hoa May Tinh\DoAnGame\GameBanMayBay\GameBanMayBay\GameBanMayBay.cpp(263,52): warning C4244: 'argument': conversion from 'int' to 'GLfloat', possible loss of data
E:\Hoc Dai Hoc\Do Hoa May Tinh\DoAnGame\GameBanMayBay\GameBanMayBay\GameBanMayBay.cpp(263,31): warning C4244: 'argument': conversion from 'int' to 'GLfloat', possible loss of data
E:\Hoc Dai Hoc\Do Hoa May Tinh\DoAnGame\GameBanMayBay\GameBanMayBay\GameBanMayBay.cpp(264,52): warning C4244: 'argument': conversion from 'int' to 'GLfloat', possible loss of data
E:\Hoc Dai Hoc\Do Hoa May Tinh\DoAnGame\GameBanMayBay\GameBanMayBay\GameBanMayBay.cpp(264,31): warning C4244: 'argument': conversion from 'int' to 'GLfloat', possible loss of data
E:\Hoc Dai Hoc\Do Hoa May Tinh\DoAnGame\GameBanMayBay\GameBanMayBay\GameBanMayBay.cpp(265,37): warning C4244: 'argument': conversion from 'int' to 'GLfloat', possible loss of data
E:\Hoc Dai Hoc\Do Hoa May Tinh\DoAnGame\GameBanMayBay\GameBanMayBay\GameBanMayBay.cpp(265,31): warning C4244: 'argument': conversion from 'int' to 'GLfloat', possible loss of data
E:\Hoc Dai Hoc\Do Hoa May Tinh\DoAnGame\GameBanMayBay\GameBanMayBay\GameBanMayBay.cpp(270,52): warning C4244: 'argument': conversion from 'int' to 'GLfloat', possible loss of data
E:\Hoc Dai Hoc\Do Hoa May Tinh\DoAnGame\GameBanMayBay\GameBanMayBay\GameBanMayBay.cpp(270,31): warning C4244: 'argument': conversion from 'int' to 'GLfloat', possible loss of data
E:\Hoc Dai Hoc\Do Hoa May Tinh\DoAnGame\GameBanMayBay\GameBanMayBay\GameBanMayBay.cpp(271,37): warning C4244: 'argument': conversion from 'int' to 'GLfloat', possible loss of data
E:\Hoc Dai Hoc\Do Hoa May Tinh\DoAnGame\GameBanMayBay\GameBanMayBay\GameBanMayBay.cpp(271,31): warning C4244: 'argument': conversion from 'int' to 'GLfloat', possible loss of data
E:\Hoc Dai Hoc\Do Hoa May Tinh\DoAnGame\GameBanMayBay\GameBanMayBay\GameBanMayBay.cpp(272,47): warning C4244: 'argument': conversion from 'int' to 'GLfloat', possible loss of data
E:\Hoc Dai Hoc\Do Hoa May Tinh\DoAnGame\GameBanMayBay\GameBanMayBay\GameBanMayBay.cpp(272,16): warning C4244: 'argument': conversion from 'int' to 'GLfloat', possible loss of data
E:\Hoc Dai Hoc\Do Hoa May Tinh\DoAnGame\GameBanMayBay\GameBanMayBay\GameBanMayBay.cpp(277,52): warning C4244: 'argument': conversion from 'int' to 'GLfloat', possible loss of data
E:\Hoc Dai Hoc\Do Hoa May Tinh\DoAnGame\GameBanMayBay\GameBanMayBay\GameBanMayBay.cpp(277,31): warning C4244: 'argument': conversion from 'int' to 'GLfloat', possible loss of data
E:\Hoc Dai Hoc\Do Hoa May Tinh\DoAnGame\GameBanMayBay\GameBanMayBay\GameBanMayBay.cpp(278,37): warning C4244: 'argument': conversion from 'int' to 'GLfloat', possible loss of data
E:\Hoc Dai Hoc\Do Hoa May Tinh\DoAnGame\GameBanMayBay\GameBanMayBay\GameBanMayBay.cpp(278,31): warning C4244: 'argument': conversion from 'int' to 'GLfloat', possible loss of data
E:\Hoc Dai Hoc\Do Hoa May Tinh\DoAnGame\GameBanMayBay\GameBanMayBay\GameBanMayBay.cpp(279,52): warning C4244: 'argument': conversion from 'int' to 'GLfloat', possible loss of data
E:\Hoc Dai Hoc\Do Hoa May Tinh\DoAnGame\GameBanMayBay\GameBanMayBay\GameBanMayBay.cpp(279,31): warning C4244: 'argument': conversion from 'int' to 'GLfloat', possible loss of data
E:\Hoc Dai Hoc\Do Hoa May Tinh\DoAnGame\GameBanMayBay\GameBanMayBay\GameBanMayBay.cpp(309,52): warning C4244: 'argument': conversion from 'int' to 'GLfloat', possible loss of data
E:\Hoc Dai Hoc\Do Hoa May Tinh\DoAnGame\GameBanMayBay\GameBanMayBay\GameBanMayBay.cpp(309,31): warning C4244: 'argument': conversion from 'int' to 'GLfloat', possible loss of data
E:\Hoc Dai Hoc\Do Hoa May Tinh\DoAnGame\GameBanMayBay\GameBanMayBay\GameBanMayBay.cpp(310,52): warning C4244: 'argument': conversion from 'int' to 'GLfloat', possible loss of data
E:\Hoc Dai Hoc\Do Hoa May Tinh\DoAnGame\GameBanMayBay\GameBanMayBay\GameBanMayBay.cpp(310,31): warning C4244: 'argument': conversion from 'int' to 'GLfloat', possible loss of data
E:\Hoc Dai Hoc\Do Hoa May Tinh\DoAnGame\GameBanMayBay\GameBanMayBay\GameBanMayBay.cpp(311,32): warning C4244: 'argument': conversion from 'int' to 'GLfloat', possible loss of data
E:\Hoc Dai Hoc\Do Hoa May Tinh\DoAnGame\GameBanMayBay\GameBanMayBay\GameBanMayBay.cpp(311,16): warning C4244: 'argument': conversion from 'int' to 'GLfloat', possible loss of data
E:\Hoc Dai Hoc\Do Hoa May Tinh\DoAnGame\GameBanMayBay\GameBanMayBay\GameBanMayBay.cpp(316,52): warning C4244: 'argument': conversion from 'int' to 'GLfloat', possible loss of data
E:\Hoc Dai Hoc\Do Hoa May Tinh\DoAnGame\GameBanMayBay\GameBanMayBay\GameBanMayBay.cpp(316,31): warning C4244: 'argument': conversion from 'int' to 'GLfloat', possible loss of data
E:\Hoc Dai Hoc\Do Hoa May Tinh\DoAnGame\GameBanMayBay\GameBanMayBay\GameBanMayBay.cpp(317,52): warning C4244: 'argument': conversion from 'int' to 'GLfloat', possible loss of data
E:\Hoc Dai Hoc\Do Hoa May Tinh\DoAnGame\GameBanMayBay\GameBanMayBay\GameBanMayBay.cpp(317,31): warning C4244: 'argument': conversion from 'int' to 'GLfloat', possible loss of data
E:\Hoc Dai Hoc\Do Hoa May Tinh\DoAnGame\GameBanMayBay\GameBanMayBay\GameBanMayBay.cpp(318,37): warning C4244: 'argument': conversion from 'int' to 'GLfloat', possible loss of data
E:\Hoc Dai Hoc\Do Hoa May Tinh\DoAnGame\GameBanMayBay\GameBanMayBay\GameBanMayBay.cpp(318,31): warning C4244: 'argument': conversion from 'int' to 'GLfloat', possible loss of data
E:\Hoc Dai Hoc\Do Hoa May Tinh\DoAnGame\GameBanMayBay\GameBanMayBay\GameBanMayBay.cpp(323,52): warning C4244: 'argument': conversion from 'int' to 'GLfloat', possible loss of data
E:\Hoc Dai Hoc\Do Hoa May Tinh\DoAnGame\GameBanMayBay\GameBanMayBay\GameBanMayBay.cpp(323,31): warning C4244: 'argument': conversion from 'int' to 'GLfloat', possible loss of data
E:\Hoc Dai Hoc\Do Hoa May Tinh\DoAnGame\GameBanMayBay\GameBanMayBay\GameBanMayBay.cpp(324,37): warning C4244: 'argument': conversion from 'int' to 'GLfloat', possible loss of data
E:\Hoc Dai Hoc\Do Hoa May Tinh\DoAnGame\GameBanMayBay\GameBanMayBay\GameBanMayBay.cpp(324,31): warning C4244: 'argument': conversion from 'int' to 'GLfloat', possible loss of data
E:\Hoc Dai Hoc\Do Hoa May Tinh\DoAnGame\GameBanMayBay\GameBanMayBay\GameBanMayBay.cpp(325,47): warning C4244: 'argument': conversion from 'int' to 'GLfloat', possible loss of data
E:\Hoc Dai Hoc\Do Hoa May Tinh\DoAnGame\GameBanMayBay\GameBanMayBay\GameBanMayBay.cpp(325,16): warning C4244: 'argument': conversion from 'int' to 'GLfloat', possible loss of data
E:\Hoc Dai Hoc\Do Hoa May Tinh\DoAnGame\GameBanMayBay\GameBanMayBay\GameBanMayBay.cpp(330,52): warning C4244: 'argument': conversion from 'int' to 'GLfloat', possible loss of data
E:\Hoc Dai Hoc\Do Hoa May Tinh\DoAnGame\GameBanMayBay\GameBanMayBay\GameBanMayBay.cpp(330,31): warning C4244: 'argument': conversion from 'int' to 'GLfloat', possible loss of data
E:\Hoc Dai Hoc\Do Hoa May Tinh\DoAnGame\GameBanMayBay\GameBanMayBay\GameBanMayBay.cpp(331,37): warning C4244: 'argument': conversion from 'int' to 'GLfloat', possible loss of data
E:\Hoc Dai Hoc\Do Hoa May Tinh\DoAnGame\GameBanMayBay\GameBanMayBay\GameBanMayBay.cpp(331,31): warning C4244: 'argument': conversion from 'int' to 'GLfloat', possible loss of data
E:\Hoc Dai Hoc\Do Hoa May Tinh\DoAnGame\GameBanMayBay\GameBanMayBay\GameBanMayBay.cpp(332,52): warning C4244: 'argument': conversion from 'int' to 'GLfloat', possible loss of data
E:\Hoc Dai Hoc\Do Hoa May Tinh\DoAnGame\GameBanMayBay\GameBanMayBay\GameBanMayBay.cpp(332,31): warning C4244: 'argument': conversion from 'int' to 'GLfloat', possible loss of data
E:\Hoc Dai Hoc\Do Hoa May Tinh\DoAnGame\GameBanMayBay\GameBanMayBay\GameBanMayBay.cpp(359,23): warning C4018: '<': signed/unsigned mismatch
E:\Hoc Dai Hoc\Do Hoa May Tinh\DoAnGame\GameBanMayBay\GameBanMayBay\GameBanMayBay.cpp(544,19): warning C4244: 'initializing': conversion from 'double' to 'float', possible loss of data
  GameBanMayBay.vcxproj -> E:\Hoc Dai Hoc\Do Hoa May Tinh\DoAnGame\GameBanMayBay\Debug\GameBanMayBay.exe
=======
C:\Users\npcv\source\Repos\DoAnGame2\GameBanMayBay\GameBanMayBay\GameBanMayBay.cpp(52,23): warning C4244: 'argument': conversion from 'int' to 'GLfloat', possible loss of data
C:\Users\npcv\source\Repos\DoAnGame2\GameBanMayBay\GameBanMayBay\GameBanMayBay.cpp(52,20): warning C4244: 'argument': conversion from 'int' to 'GLfloat', possible loss of data
C:\Users\npcv\source\Repos\DoAnGame2\GameBanMayBay\GameBanMayBay\GameBanMayBay.cpp(91,41): warning C4305: 'initializing': truncation from 'double' to 'GLfloat'
C:\Users\npcv\source\Repos\DoAnGame2\GameBanMayBay\GameBanMayBay\GameBanMayBay.cpp(163,46): warning C4244: 'argument': conversion from 'int' to 'GLfloat', possible loss of data
C:\Users\npcv\source\Repos\DoAnGame2\GameBanMayBay\GameBanMayBay\GameBanMayBay.cpp(163,28): warning C4244: 'argument': conversion from 'int' to 'GLfloat', possible loss of data
C:\Users\npcv\source\Repos\DoAnGame2\GameBanMayBay\GameBanMayBay\GameBanMayBay.cpp(164,46): warning C4244: 'argument': conversion from 'int' to 'GLfloat', possible loss of data
C:\Users\npcv\source\Repos\DoAnGame2\GameBanMayBay\GameBanMayBay\GameBanMayBay.cpp(164,28): warning C4244: 'argument': conversion from 'int' to 'GLfloat', possible loss of data
C:\Users\npcv\source\Repos\DoAnGame2\GameBanMayBay\GameBanMayBay\GameBanMayBay.cpp(167,46): warning C4244: 'argument': conversion from 'int' to 'GLfloat', possible loss of data
C:\Users\npcv\source\Repos\DoAnGame2\GameBanMayBay\GameBanMayBay\GameBanMayBay.cpp(167,28): warning C4244: 'argument': conversion from 'int' to 'GLfloat', possible loss of data
C:\Users\npcv\source\Repos\DoAnGame2\GameBanMayBay\GameBanMayBay\GameBanMayBay.cpp(168,46): warning C4244: 'argument': conversion from 'int' to 'GLfloat', possible loss of data
C:\Users\npcv\source\Repos\DoAnGame2\GameBanMayBay\GameBanMayBay\GameBanMayBay.cpp(168,28): warning C4244: 'argument': conversion from 'int' to 'GLfloat', possible loss of data
C:\Users\npcv\source\Repos\DoAnGame2\GameBanMayBay\GameBanMayBay\GameBanMayBay.cpp(169,46): warning C4244: 'argument': conversion from 'int' to 'GLfloat', possible loss of data
C:\Users\npcv\source\Repos\DoAnGame2\GameBanMayBay\GameBanMayBay\GameBanMayBay.cpp(169,28): warning C4244: 'argument': conversion from 'int' to 'GLfloat', possible loss of data
C:\Users\npcv\source\Repos\DoAnGame2\GameBanMayBay\GameBanMayBay\GameBanMayBay.cpp(175,46): warning C4244: 'argument': conversion from 'int' to 'GLfloat', possible loss of data
C:\Users\npcv\source\Repos\DoAnGame2\GameBanMayBay\GameBanMayBay\GameBanMayBay.cpp(175,28): warning C4244: 'argument': conversion from 'int' to 'GLfloat', possible loss of data
C:\Users\npcv\source\Repos\DoAnGame2\GameBanMayBay\GameBanMayBay\GameBanMayBay.cpp(176,46): warning C4244: 'argument': conversion from 'int' to 'GLfloat', possible loss of data
C:\Users\npcv\source\Repos\DoAnGame2\GameBanMayBay\GameBanMayBay\GameBanMayBay.cpp(176,28): warning C4244: 'argument': conversion from 'int' to 'GLfloat', possible loss of data
C:\Users\npcv\source\Repos\DoAnGame2\GameBanMayBay\GameBanMayBay\GameBanMayBay.cpp(177,46): warning C4244: 'argument': conversion from 'int' to 'GLfloat', possible loss of data
C:\Users\npcv\source\Repos\DoAnGame2\GameBanMayBay\GameBanMayBay\GameBanMayBay.cpp(177,28): warning C4244: 'argument': conversion from 'int' to 'GLfloat', possible loss of data
C:\Users\npcv\source\Repos\DoAnGame2\GameBanMayBay\GameBanMayBay\GameBanMayBay.cpp(182,46): warning C4244: 'argument': conversion from 'int' to 'GLfloat', possible loss of data
C:\Users\npcv\source\Repos\DoAnGame2\GameBanMayBay\GameBanMayBay\GameBanMayBay.cpp(182,28): warning C4244: 'argument': conversion from 'int' to 'GLfloat', possible loss of data
C:\Users\npcv\source\Repos\DoAnGame2\GameBanMayBay\GameBanMayBay\GameBanMayBay.cpp(183,46): warning C4244: 'argument': conversion from 'int' to 'GLfloat', possible loss of data
C:\Users\npcv\source\Repos\DoAnGame2\GameBanMayBay\GameBanMayBay\GameBanMayBay.cpp(183,28): warning C4244: 'argument': conversion from 'int' to 'GLfloat', possible loss of data
C:\Users\npcv\source\Repos\DoAnGame2\GameBanMayBay\GameBanMayBay\GameBanMayBay.cpp(184,41): warning C4244: 'argument': conversion from 'int' to 'GLfloat', possible loss of data
C:\Users\npcv\source\Repos\DoAnGame2\GameBanMayBay\GameBanMayBay\GameBanMayBay.cpp(184,16): warning C4244: 'argument': conversion from 'int' to 'GLfloat', possible loss of data
C:\Users\npcv\source\Repos\DoAnGame2\GameBanMayBay\GameBanMayBay\GameBanMayBay.cpp(191,46): warning C4244: 'argument': conversion from 'int' to 'GLfloat', possible loss of data
C:\Users\npcv\source\Repos\DoAnGame2\GameBanMayBay\GameBanMayBay\GameBanMayBay.cpp(191,28): warning C4244: 'argument': conversion from 'int' to 'GLfloat', possible loss of data
C:\Users\npcv\source\Repos\DoAnGame2\GameBanMayBay\GameBanMayBay\GameBanMayBay.cpp(192,46): warning C4244: 'argument': conversion from 'int' to 'GLfloat', possible loss of data
C:\Users\npcv\source\Repos\DoAnGame2\GameBanMayBay\GameBanMayBay\GameBanMayBay.cpp(192,28): warning C4244: 'argument': conversion from 'int' to 'GLfloat', possible loss of data
C:\Users\npcv\source\Repos\DoAnGame2\GameBanMayBay\GameBanMayBay\GameBanMayBay.cpp(199,60): warning C4244: 'argument': conversion from 'int' to 'GLfloat', possible loss of data
C:\Users\npcv\source\Repos\DoAnGame2\GameBanMayBay\GameBanMayBay\GameBanMayBay.cpp(199,37): warning C4244: 'argument': conversion from 'int' to 'GLfloat', possible loss of data
C:\Users\npcv\source\Repos\DoAnGame2\GameBanMayBay\GameBanMayBay\GameBanMayBay.cpp(200,60): warning C4244: 'argument': conversion from 'int' to 'GLfloat', possible loss of data
C:\Users\npcv\source\Repos\DoAnGame2\GameBanMayBay\GameBanMayBay\GameBanMayBay.cpp(200,37): warning C4244: 'argument': conversion from 'int' to 'GLfloat', possible loss of data
C:\Users\npcv\source\Repos\DoAnGame2\GameBanMayBay\GameBanMayBay\GameBanMayBay.cpp(201,53): warning C4244: 'argument': conversion from 'int' to 'GLfloat', possible loss of data
C:\Users\npcv\source\Repos\DoAnGame2\GameBanMayBay\GameBanMayBay\GameBanMayBay.cpp(201,35): warning C4244: 'argument': conversion from 'int' to 'GLfloat', possible loss of data
C:\Users\npcv\source\Repos\DoAnGame2\GameBanMayBay\GameBanMayBay\GameBanMayBay.cpp(206,60): warning C4244: 'argument': conversion from 'int' to 'GLfloat', possible loss of data
C:\Users\npcv\source\Repos\DoAnGame2\GameBanMayBay\GameBanMayBay\GameBanMayBay.cpp(206,37): warning C4244: 'argument': conversion from 'int' to 'GLfloat', possible loss of data
C:\Users\npcv\source\Repos\DoAnGame2\GameBanMayBay\GameBanMayBay\GameBanMayBay.cpp(207,60): warning C4244: 'argument': conversion from 'int' to 'GLfloat', possible loss of data
C:\Users\npcv\source\Repos\DoAnGame2\GameBanMayBay\GameBanMayBay\GameBanMayBay.cpp(207,37): warning C4244: 'argument': conversion from 'int' to 'GLfloat', possible loss of data
C:\Users\npcv\source\Repos\DoAnGame2\GameBanMayBay\GameBanMayBay\GameBanMayBay.cpp(208,58): warning C4244: 'argument': conversion from 'int' to 'GLfloat', possible loss of data
C:\Users\npcv\source\Repos\DoAnGame2\GameBanMayBay\GameBanMayBay\GameBanMayBay.cpp(208,37): warning C4244: 'argument': conversion from 'int' to 'GLfloat', possible loss of data
C:\Users\npcv\source\Repos\DoAnGame2\GameBanMayBay\GameBanMayBay\GameBanMayBay.cpp(213,60): warning C4244: 'argument': conversion from 'int' to 'GLfloat', possible loss of data
C:\Users\npcv\source\Repos\DoAnGame2\GameBanMayBay\GameBanMayBay\GameBanMayBay.cpp(213,37): warning C4244: 'argument': conversion from 'int' to 'GLfloat', possible loss of data
C:\Users\npcv\source\Repos\DoAnGame2\GameBanMayBay\GameBanMayBay\GameBanMayBay.cpp(214,58): warning C4244: 'argument': conversion from 'int' to 'GLfloat', possible loss of data
C:\Users\npcv\source\Repos\DoAnGame2\GameBanMayBay\GameBanMayBay\GameBanMayBay.cpp(214,37): warning C4244: 'argument': conversion from 'int' to 'GLfloat', possible loss of data
C:\Users\npcv\source\Repos\DoAnGame2\GameBanMayBay\GameBanMayBay\GameBanMayBay.cpp(215,55): warning C4244: 'argument': conversion from 'int' to 'GLfloat', possible loss of data
C:\Users\npcv\source\Repos\DoAnGame2\GameBanMayBay\GameBanMayBay\GameBanMayBay.cpp(215,35): warning C4244: 'argument': conversion from 'int' to 'GLfloat', possible loss of data
C:\Users\npcv\source\Repos\DoAnGame2\GameBanMayBay\GameBanMayBay\GameBanMayBay.cpp(220,60): warning C4244: 'argument': conversion from 'int' to 'GLfloat', possible loss of data
C:\Users\npcv\source\Repos\DoAnGame2\GameBanMayBay\GameBanMayBay\GameBanMayBay.cpp(220,37): warning C4244: 'argument': conversion from 'int' to 'GLfloat', possible loss of data
C:\Users\npcv\source\Repos\DoAnGame2\GameBanMayBay\GameBanMayBay\GameBanMayBay.cpp(221,58): warning C4244: 'argument': conversion from 'int' to 'GLfloat', possible loss of data
C:\Users\npcv\source\Repos\DoAnGame2\GameBanMayBay\GameBanMayBay\GameBanMayBay.cpp(221,37): warning C4244: 'argument': conversion from 'int' to 'GLfloat', possible loss of data
C:\Users\npcv\source\Repos\DoAnGame2\GameBanMayBay\GameBanMayBay\GameBanMayBay.cpp(222,60): warning C4244: 'argument': conversion from 'int' to 'GLfloat', possible loss of data
C:\Users\npcv\source\Repos\DoAnGame2\GameBanMayBay\GameBanMayBay\GameBanMayBay.cpp(222,37): warning C4244: 'argument': conversion from 'int' to 'GLfloat', possible loss of data
C:\Users\npcv\source\Repos\DoAnGame2\GameBanMayBay\GameBanMayBay\GameBanMayBay.cpp(229,19): warning C4244: 'argument': conversion from 'time_t' to 'unsigned int', possible loss of data
C:\Users\npcv\source\Repos\DoAnGame2\GameBanMayBay\GameBanMayBay\GameBanMayBay.cpp(233,23): warning C4018: '<': signed/unsigned mismatch
C:\Users\npcv\source\Repos\DoAnGame2\GameBanMayBay\GameBanMayBay\GameBanMayBay.cpp(330,23): warning C4018: '<': signed/unsigned mismatch
C:\Users\npcv\source\Repos\DoAnGame2\GameBanMayBay\GameBanMayBay\GameBanMayBay.cpp(448,26): warning C4244: '=': conversion from 'double' to 'float', possible loss of data
  GameBanMayBay.vcxproj -> C:\Users\npcv\Source\Repos\DoAnGame2\GameBanMayBay\Debug\GameBanMayBay.exe
>>>>>>> Stashed changes
